{
  "/Users/jejacks0n/Projects/teaspoon/spec/dummy/app/assets/javascripts/integration/integration.coffee":{
    "path":"/Users/jejacks0n/Projects/teaspoon/spec/dummy/app/assets/javascripts/integration/integration.coffee",
    "s":{
      "1":1,
      "2":1,
      "3":1,
      "4":0
    },
    "b":{

    },
    "f":{
      "1":1,
      "2":0
    },
    "fnMap":{
      "1":{
        "name":"(anonymous_1)",
        "line":1,
        "loc":{
          "start":{
            "line":1,
            "column":1
          },
          "end":{
            "line":1,
            "column":12
          }
        }
      },
      "2":{
        "name":"(anonymous_2)",
        "line":4,
        "loc":{
          "start":{
            "line":4,
            "column":16
          },
          "end":{
            "line":4,
            "column":27
          }
        }
      }
    },
    "statementMap":{
      "1":{
        "start":{
          "line":1,
          "column":0
        },
        "end":{
          "line":8,
          "column":14
        }
      },
      "2":{
        "start":{
          "line":2,
          "column":2
        },
        "end":{
          "line":2,
          "column":18
        }
      },
      "3":{
        "start":{
          "line":4,
          "column":2
        },
        "end":{
          "line":6,
          "column":4
        }
      },
      "4":{
        "start":{
          "line":5,
          "column":4
        },
        "end":{
          "line":5,
          "column":17
        }
      }
    },
    "branchMap":{

    },
    "code":[
      "(function () { (function() {",
      "  var integration;",
      "",
      "  integration = function() {",
      "    return 'foo';",
      "  };",
      "",
      "}).call(this);",
      "",
      "}());"
    ]
  },
  "/Users/jejacks0n/Projects/teaspoon/spec/dummy/app/assets/javascripts/integration/spec_helper.coffee":{
    "path":"/Users/jejacks0n/Projects/teaspoon/spec/dummy/app/assets/javascripts/integration/spec_helper.coffee",
    "s":{
      "1":1,
      "2":1,
      "3":1,
      "4":1,
      "5":1,
      "6":1,
      "7":1
    },
    "b":{

    },
    "f":{
      "1":1,
      "2":1
    },
    "fnMap":{
      "1":{
        "name":"(anonymous_1)",
        "line":1,
        "loc":{
          "start":{
            "line":1,
            "column":1
          },
          "end":{
            "line":1,
            "column":12
          }
        }
      },
      "2":{
        "name":"(anonymous_2)",
        "line":2,
        "loc":{
          "start":{
            "line":2,
            "column":18
          },
          "end":{
            "line":2,
            "column":29
          }
        }
      }
    },
    "statementMap":{
      "1":{
        "start":{
          "line":1,
          "column":0
        },
        "end":{
          "line":10,
          "column":14
        }
      },
      "2":{
        "start":{
          "line":2,
          "column":2
        },
        "end":{
          "line":8,
          "column":4
        }
      },
      "3":{
        "start":{
          "line":3,
          "column":4
        },
        "end":{
          "line":3,
          "column":11
        }
      },
      "4":{
        "start":{
          "line":4,
          "column":4
        },
        "end":{
          "line":4,
          "column":39
        }
      },
      "5":{
        "start":{
          "line":5,
          "column":4
        },
        "end":{
          "line":5,
          "column":29
        }
      },
      "6":{
        "start":{
          "line":6,
          "column":4
        },
        "end":{
          "line":6,
          "column":59
        }
      },
      "7":{
        "start":{
          "line":7,
          "column":4
        },
        "end":{
          "line":7,
          "column":41
        }
      }
    },
    "branchMap":{

    },
    "code":[
      "(function () { (function() {",
      "  window.onload = function() {",
      "    var el;",
      "    el = document.createElement(\"DIV\");",
      "    el.id = \"spec_helper_el\";",
      "    el.innerHTML = \"this was generated by the spec_helper\";",
      "    return document.body.appendChild(el);",
      "  };",
      "",
      "}).call(this);",
      "",
      "}());"
    ]
  }
}
